 * Serving Flask app "index" (lazy loading)
 * Environment: production
   WARNING: This is a development server. Do not use it in a production deployment.
   Use a production WSGI server instead.
 * Debug mode: on
Traceback (most recent call last):
  File "/home/aaditya/Desktop/Coding/Project_MGMT_(PR-20042021-165836)/index.py", line 197, in <module>
    app.run(
  File "/home/aaditya/.local/lib/python3.9/site-packages/flask/app.py", line 990, in run
    run_simple(host, port, self, **options)
  File "/home/aaditya/.local/lib/python3.9/site-packages/werkzeug/serving.py", line 1030, in run_simple
    s.bind(server_address)
OSError: [Errno 98] Address already in use
 * Serving Flask app "index" (lazy loading)
 * Environment: production
   WARNING: This is a development server. Do not use it in a production deployment.
   Use a production WSGI server instead.
 * Debug mode: on
Traceback (most recent call last):
  File "/home/aaditya/Desktop/Coding/Project_MGMT_(PR-20042021-165836)/index.py", line 197, in <module>
    app.run(
  File "/home/aaditya/.local/lib/python3.9/site-packages/flask/app.py", line 990, in run
    run_simple(host, port, self, **options)
  File "/home/aaditya/.local/lib/python3.9/site-packages/werkzeug/serving.py", line 1030, in run_simple
    s.bind(server_address)
OSError: [Errno 98] Address already in use
 * Serving Flask app "index" (lazy loading)
 * Environment: production
   WARNING: This is a development server. Do not use it in a production deployment.
   Use a production WSGI server instead.
 * Debug mode: on
Traceback (most recent call last):
  File "/home/aaditya/Desktop/Coding/Project_MGMT_(PR-20042021-165836)/index.py", line 197, in <module>
    app.run(
  File "/home/aaditya/.local/lib/python3.9/site-packages/flask/app.py", line 990, in run
    run_simple(host, port, self, **options)
  File "/home/aaditya/.local/lib/python3.9/site-packages/werkzeug/serving.py", line 1030, in run_simple
    s.bind(server_address)
OSError: [Errno 98] Address already in use
 * Serving Flask app "index" (lazy loading)
 * Environment: production
   WARNING: This is a development server. Do not use it in a production deployment.
   Use a production WSGI server instead.
 * Debug mode: on
Traceback (most recent call last):
  File "/home/aaditya/Desktop/Coding/Project_MGMT_(PR-20042021-165836)/index.py", line 197, in <module>
    app.run(
  File "/home/aaditya/.local/lib/python3.9/site-packages/flask/app.py", line 990, in run
    run_simple(host, port, self, **options)
  File "/home/aaditya/.local/lib/python3.9/site-packages/werkzeug/serving.py", line 1030, in run_simple
    s.bind(server_address)
OSError: [Errno 98] Address already in use
